<?xml version="1.0" encoding="UTF-8"?>
<!-- Generated by org.testng.reporters.JUnitXMLReporter -->
<testsuite ignored="2" hostname="DESKTOP-EPM98TU" failures="0" tests="2" name="grouping" time="19.088" errors="0" timestamp="2025-02-10T14:58:46 IST">
  <testcase classname="testscript.LoginTest" name="verifyuserisabletologinwithinvalidusernameandinvalidpassword" time="4.446"/>
  <testcase classname="testscript.LoginTest" name="verifyuserisabletologinwithinvalidusernameandvalidpassword" time="1.975"/>
  <testcase classname="testscript.LoginTest" name="verifyuserisabletologinwithvalidusernameandinvalidpassword" time="0.0">
    <ignored/>
  </testcase> <!-- verifyuserisabletologinwithvalidusernameandinvalidpassword -->
  <testcase classname="testscript.LoginTest" name="verifyuserisabletologinwithvalidusernameandpassword" time="0.0">
    <ignored/>
  </testcase> <!-- verifyuserisabletologinwithvalidusernameandpassword -->
</testsuite> <!-- grouping -->
