<?xml version="1.0" encoding="UTF-8"?>
<!-- Generated by org.testng.reporters.JUnitXMLReporter -->
<testsuite ignored="1" hostname="DESKTOP-EPM98TU" failures="0" tests="1" name="parameter" time="17.586" errors="0" timestamp="2025-02-04T20:30:40 IST">
  <testcase classname="testscript.AdminuserTest" name="verifynewuserisadded" time="6.235"/>
  <testcase classname="testscript.AdminuserTest" name="verifyadminuserissearchable" time="0.0">
    <ignored/>
  </testcase> <!-- verifyadminuserissearchable -->
</testsuite> <!-- parameter -->
