<?xml version="1.0" encoding="UTF-8"?>
<testng-results ignored="0" total="1" passed="1" failed="0" skipped="0">
  <reporter-output>
  </reporter-output>
  <suite started-at="2025-01-31T17:10:08 IST" name="Suite" finished-at="2025-01-31T17:10:25 IST" duration-ms="17260">
    <groups>
    </groups>
    <test started-at="2025-01-31T17:10:08 IST" name="parameter" finished-at="2025-01-31T17:10:25 IST" duration-ms="17260">
      <class name="testscript.HomeTest">
        <test-method is-config="true" signature="beforeMethod()[pri:0, instance:testscript.HomeTest@3c19aaa5]" started-at="2025-01-31T17:10:08 IST" name="beforeMethod" finished-at="2025-01-31T17:10:22 IST" duration-ms="13540" status="PASS">
          <reporter-output>
          </reporter-output>
        </test-method> <!-- beforeMethod -->
        <test-method signature="verifyuserisabletologout(java.lang.String,java.lang.String)[pri:0, instance:testscript.HomeTest@3c19aaa5]" started-at="2025-01-31T17:10:22 IST" name="verifyuserisabletologout" finished-at="2025-01-31T17:10:25 IST" duration-ms="3377" status="PASS">
          <params>
            <param index="0">
              <value>
                <![CDATA[carol]]>
              </value>
            </param>
            <param index="1">
              <value>
                <![CDATA[1q2w3e4r]]>
              </value>
            </param>
          </params>
          <reporter-output>
          </reporter-output>
        </test-method> <!-- verifyuserisabletologout -->
        <test-method is-config="true" signature="afterMethod()[pri:0, instance:testscript.HomeTest@3c19aaa5]" started-at="2025-01-31T17:10:25 IST" name="afterMethod" finished-at="2025-01-31T17:10:25 IST" duration-ms="258" status="PASS">
          <reporter-output>
          </reporter-output>
        </test-method> <!-- afterMethod -->
      </class> <!-- testscript.HomeTest -->
    </test> <!-- parameter -->
  </suite> <!-- Suite -->
</testng-results>
