<?xml version="1.0" encoding="UTF-8"?>
<testng-results ignored="0" total="4" passed="2" failed="2" skipped="0">
  <reporter-output>
  </reporter-output>
  <suite started-at="2025-02-20T10:24:57 IST" name="Multibrowser" finished-at="2025-02-20T10:25:30 IST" duration-ms="33136">
    <groups>
    </groups>
    <test started-at="2025-02-20T10:24:57 IST" name="chrometest" finished-at="2025-02-20T10:25:26 IST" duration-ms="28983">
      <class name="testscript.CategoryTest">
        <test-method is-config="true" signature="beforeMethod(java.lang.String)[pri:0, instance:testscript.CategoryTest@51891008]" started-at="2025-02-20T10:24:57 IST" name="beforeMethod" finished-at="2025-02-20T10:25:13 IST" duration-ms="15818" status="PASS">
          <params>
            <param index="0">
              <value>
                <![CDATA[chrome]]>
              </value>
            </param>
          </params>
          <reporter-output>
          </reporter-output>
        </test-method> <!-- beforeMethod -->
        <test-method signature="verifycategoryisadded()[pri:0, instance:testscript.CategoryTest@51891008]" started-at="2025-02-20T10:25:13 IST" name="verifycategoryisadded" finished-at="2025-02-20T10:25:14 IST" duration-ms="976" status="FAIL">
          <exception class="org.apache.poi.openxml4j.exceptions.NotOfficeXmlFileException">
            <message>
              <![CDATA[No valid entries or contents found, this is not a valid OOXML (Office Open XML) file]]>
            </message>
            <full-stacktrace>
              <![CDATA[org.apache.poi.openxml4j.exceptions.NotOfficeXmlFileException: No valid entries or contents found, this is not a valid OOXML (Office Open XML) file
at org.apache.poi.openxml4j.util.ZipArchiveThresholdInputStream.getNextEntry(ZipArchiveThresholdInputStream.java:156)
at org.apache.poi.openxml4j.util.ZipInputStreamZipEntrySource.<init>(ZipInputStreamZipEntrySource.java:94)
at org.apache.poi.openxml4j.opc.ZipPackage.<init>(ZipPackage.java:132)
at org.apache.poi.openxml4j.opc.OPCPackage.open(OPCPackage.java:319)
at org.apache.poi.ooxml.util.PackageHelper.open(PackageHelper.java:59)
at org.apache.poi.xssf.usermodel.XSSFWorkbook.<init>(XSSFWorkbook.java:290)
at org.apache.poi.xssf.usermodel.XSSFWorkbook.<init>(XSSFWorkbook.java:286)
at utility.ExcelUtility.getStringData(ExcelUtility.java:23)
at testscript.CategoryTest.verifycategoryisadded(CategoryTest.java:21)
at java.base/jdk.internal.reflect.DirectMethodHandleAccessor.invoke(DirectMethodHandleAccessor.java:103)
at java.base/java.lang.reflect.Method.invoke(Method.java:580)
at org.testng.internal.invokers.MethodInvocationHelper.invokeMethod(MethodInvocationHelper.java:141)
at org.testng.internal.invokers.TestInvoker.invokeMethod(TestInvoker.java:686)
at org.testng.internal.invokers.TestInvoker.invokeTestMethod(TestInvoker.java:230)
at org.testng.internal.invokers.MethodRunner.runInSequence(MethodRunner.java:63)
at org.testng.internal.invokers.TestInvoker$MethodInvocationAgent.invoke(TestInvoker.java:992)
at org.testng.internal.invokers.TestInvoker.invokeTestMethods(TestInvoker.java:203)
at org.testng.internal.invokers.TestMethodWorker.invokeTestMethods(TestMethodWorker.java:154)
at org.testng.internal.invokers.TestMethodWorker.run(TestMethodWorker.java:134)
at java.base/java.util.ArrayList.forEach(ArrayList.java:1596)
at org.testng.TestRunner.privateRun(TestRunner.java:739)
at org.testng.TestRunner.run(TestRunner.java:614)
at org.testng.SuiteRunner.runTest(SuiteRunner.java:421)
at org.testng.SuiteRunner$SuiteWorker.run(SuiteRunner.java:463)
at org.testng.internal.thread.ThreadUtil.lambda$execute$0(ThreadUtil.java:64)
at java.base/java.util.concurrent.FutureTask.run(FutureTask.java:317)
at java.base/java.util.concurrent.ThreadPoolExecutor.runWorker(ThreadPoolExecutor.java:1144)
at java.base/java.util.concurrent.ThreadPoolExecutor$Worker.run(ThreadPoolExecutor.java:642)
at java.base/java.lang.Thread.run(Thread.java:1583)
Caused by: java.util.zip.ZipException: Unexpected record signature: 0X32A9F585
at org.apache.commons.compress.archivers.zip.ZipArchiveInputStream.getNextZipEntry(ZipArchiveInputStream.java:296)
at org.apache.poi.openxml4j.util.ZipArchiveThresholdInputStream.getNextEntry(ZipArchiveThresholdInputStream.java:152)
... 28 more
]]>
            </full-stacktrace>
          </exception> <!-- org.apache.poi.openxml4j.exceptions.NotOfficeXmlFileException -->
          <reporter-output>
          </reporter-output>
        </test-method> <!-- verifycategoryisadded -->
        <test-method is-config="true" signature="afterMethod(org.testng.ITestResult)[pri:0, instance:testscript.CategoryTest@51891008]" started-at="2025-02-20T10:25:14 IST" name="afterMethod" finished-at="2025-02-20T10:25:15 IST" duration-ms="704" status="PASS">
          <params>
            <param index="0">
              <value>
                <![CDATA[[TestResult name=verifycategoryisadded status=FAILURE method=CategoryTest.verifycategoryisadded()[pri:0, instance:testscript.CategoryTest@51891008] output={null}]]]>
              </value>
            </param>
          </params>
          <reporter-output>
          </reporter-output>
        </test-method> <!-- afterMethod -->
        <test-method is-config="true" signature="beforeMethod(java.lang.String)[pri:0, instance:testscript.CategoryTest@51891008]" started-at="2025-02-20T10:25:15 IST" name="beforeMethod" finished-at="2025-02-20T10:25:18 IST" duration-ms="3335" status="PASS">
          <params>
            <param index="0">
              <value>
                <![CDATA[chrome]]>
              </value>
            </param>
          </params>
          <reporter-output>
          </reporter-output>
        </test-method> <!-- beforeMethod -->
        <test-method signature="verifycategoryissearchable()[pri:0, instance:testscript.CategoryTest@51891008]" started-at="2025-02-20T10:25:18 IST" name="verifycategoryissearchable" finished-at="2025-02-20T10:25:25 IST" duration-ms="7450" status="PASS">
          <reporter-output>
          </reporter-output>
        </test-method> <!-- verifycategoryissearchable -->
        <test-method is-config="true" signature="afterMethod(org.testng.ITestResult)[pri:0, instance:testscript.CategoryTest@51891008]" started-at="2025-02-20T10:25:25 IST" name="afterMethod" finished-at="2025-02-20T10:25:26 IST" duration-ms="580" status="PASS">
          <params>
            <param index="0">
              <value>
                <![CDATA[[TestResult name=verifycategoryissearchable status=SUCCESS method=CategoryTest.verifycategoryissearchable()[pri:0, instance:testscript.CategoryTest@51891008] output={null}]]]>
              </value>
            </param>
          </params>
          <reporter-output>
          </reporter-output>
        </test-method> <!-- afterMethod -->
      </class> <!-- testscript.CategoryTest -->
    </test> <!-- chrometest -->
    <test started-at="2025-02-20T10:24:57 IST" name="edgetest" finished-at="2025-02-20T10:25:30 IST" duration-ms="33136">
      <class name="testscript.AdminuserTest">
        <test-method is-config="true" signature="beforeMethod(java.lang.String)[pri:0, instance:testscript.AdminuserTest@2e570ded]" started-at="2025-02-20T10:24:57 IST" name="beforeMethod" finished-at="2025-02-20T10:25:09 IST" duration-ms="12297" status="PASS">
          <params>
            <param index="0">
              <value>
                <![CDATA[edge]]>
              </value>
            </param>
          </params>
          <reporter-output>
          </reporter-output>
        </test-method> <!-- beforeMethod -->
        <test-method signature="verifyadminuserissearchable()[pri:0, instance:testscript.AdminuserTest@2e570ded]" started-at="2025-02-20T10:25:09 IST" name="verifyadminuserissearchable" finished-at="2025-02-20T10:25:14 IST" duration-ms="4499" status="FAIL">
          <exception class="java.io.IOException">
            <message>
              <![CDATA[Stream Closed]]>
            </message>
            <full-stacktrace>
              <![CDATA[java.io.IOException: Stream Closed
at java.base/java.io.FileInputStream.available0(Native Method)
at java.base/java.io.FileInputStream.available(FileInputStream.java:473)
at java.base/java.io.BufferedInputStream.implRead(BufferedInputStream.java:428)
at java.base/java.io.BufferedInputStream.read(BufferedInputStream.java:399)
at java.base/java.io.FilterInputStream.read(FilterInputStream.java:119)
at java.base/java.io.PushbackInputStream.read(PushbackInputStream.java:197)
at java.base/java.io.FilterInputStream.read(FilterInputStream.java:95)
at org.apache.commons.compress.archivers.zip.ZipArchiveInputStream.fill(ZipArchiveInputStream.java:861)
at org.apache.commons.compress.archivers.zip.ZipArchiveInputStream.readFromInflater(ZipArchiveInputStream.java:650)
at org.apache.commons.compress.archivers.zip.ZipArchiveInputStream.readDeflated(ZipArchiveInputStream.java:625)
at org.apache.commons.compress.archivers.zip.ZipArchiveInputStream.read(ZipArchiveInputStream.java:528)
at java.base/java.io.FilterInputStream.read(FilterInputStream.java:119)
at org.apache.poi.openxml4j.util.ZipArchiveThresholdInputStream.read(ZipArchiveThresholdInputStream.java:80)
at org.apache.poi.util.IOUtils.toByteArray(IOUtils.java:240)
at org.apache.poi.util.IOUtils.toByteArray(IOUtils.java:203)
at org.apache.poi.openxml4j.util.ZipArchiveFakeEntry.<init>(ZipArchiveFakeEntry.java:82)
at org.apache.poi.openxml4j.util.ZipInputStreamZipEntrySource.<init>(ZipInputStreamZipEntrySource.java:98)
at org.apache.poi.openxml4j.opc.ZipPackage.<init>(ZipPackage.java:132)
at org.apache.poi.openxml4j.opc.OPCPackage.open(OPCPackage.java:319)
at org.apache.poi.ooxml.util.PackageHelper.open(PackageHelper.java:59)
at org.apache.poi.xssf.usermodel.XSSFWorkbook.<init>(XSSFWorkbook.java:290)
at org.apache.poi.xssf.usermodel.XSSFWorkbook.<init>(XSSFWorkbook.java:286)
at utility.ExcelUtility.getStringData(ExcelUtility.java:23)
at testscript.AdminuserTest.verifyadminuserissearchable(AdminuserTest.java:61)
at java.base/jdk.internal.reflect.DirectMethodHandleAccessor.invoke(DirectMethodHandleAccessor.java:103)
at java.base/java.lang.reflect.Method.invoke(Method.java:580)
at org.testng.internal.invokers.MethodInvocationHelper.invokeMethod(MethodInvocationHelper.java:141)
at org.testng.internal.invokers.TestInvoker.invokeMethod(TestInvoker.java:686)
at org.testng.internal.invokers.TestInvoker.invokeTestMethod(TestInvoker.java:230)
at org.testng.internal.invokers.MethodRunner.runInSequence(MethodRunner.java:63)
at org.testng.internal.invokers.TestInvoker$MethodInvocationAgent.invoke(TestInvoker.java:992)
at org.testng.internal.invokers.TestInvoker.invokeTestMethods(TestInvoker.java:203)
at org.testng.internal.invokers.TestMethodWorker.invokeTestMethods(TestMethodWorker.java:154)
at org.testng.internal.invokers.TestMethodWorker.run(TestMethodWorker.java:134)
at java.base/java.util.ArrayList.forEach(ArrayList.java:1596)
at org.testng.TestRunner.privateRun(TestRunner.java:739)
at org.testng.TestRunner.run(TestRunner.java:614)
at org.testng.SuiteRunner.runTest(SuiteRunner.java:421)
at org.testng.SuiteRunner$SuiteWorker.run(SuiteRunner.java:463)
at org.testng.internal.thread.ThreadUtil.lambda$execute$0(ThreadUtil.java:64)
at java.base/java.util.concurrent.FutureTask.run(FutureTask.java:317)
at java.base/java.util.concurrent.ThreadPoolExecutor.runWorker(ThreadPoolExecutor.java:1144)
at java.base/java.util.concurrent.ThreadPoolExecutor$Worker.run(ThreadPoolExecutor.java:642)
at java.base/java.lang.Thread.run(Thread.java:1583)
]]>
            </full-stacktrace>
          </exception> <!-- java.io.IOException -->
          <reporter-output>
          </reporter-output>
        </test-method> <!-- verifyadminuserissearchable -->
        <test-method is-config="true" signature="afterMethod(org.testng.ITestResult)[pri:0, instance:testscript.AdminuserTest@2e570ded]" started-at="2025-02-20T10:25:14 IST" name="afterMethod" finished-at="2025-02-20T10:25:16 IST" duration-ms="1936" status="PASS">
          <params>
            <param index="0">
              <value>
                <![CDATA[[TestResult name=verifyadminuserissearchable status=FAILURE method=AdminuserTest.verifyadminuserissearchable()[pri:0, instance:testscript.AdminuserTest@2e570ded] output={null}]]]>
              </value>
            </param>
          </params>
          <reporter-output>
          </reporter-output>
        </test-method> <!-- afterMethod -->
        <test-method is-config="true" signature="beforeMethod(java.lang.String)[pri:0, instance:testscript.AdminuserTest@2e570ded]" started-at="2025-02-20T10:25:16 IST" name="beforeMethod" finished-at="2025-02-20T10:25:24 IST" duration-ms="8474" status="PASS">
          <params>
            <param index="0">
              <value>
                <![CDATA[edge]]>
              </value>
            </param>
          </params>
          <reporter-output>
          </reporter-output>
        </test-method> <!-- beforeMethod -->
        <test-method signature="verifynewuserisadded(java.lang.String,java.lang.String)[pri:0, instance:testscript.AdminuserTest@2e570ded]" started-at="2025-02-20T10:25:24 IST" name="verifynewuserisadded" finished-at="2025-02-20T10:25:29 IST" duration-ms="4424" status="PASS">
          <params>
            <param index="0">
              <value>
                <![CDATA[admin]]>
              </value>
            </param>
            <param index="1">
              <value>
                <![CDATA[admin]]>
              </value>
            </param>
          </params>
          <reporter-output>
          </reporter-output>
        </test-method> <!-- verifynewuserisadded -->
        <test-method is-config="true" signature="afterMethod(org.testng.ITestResult)[pri:0, instance:testscript.AdminuserTest@2e570ded]" started-at="2025-02-20T10:25:29 IST" name="afterMethod" finished-at="2025-02-20T10:25:30 IST" duration-ms="1404" status="PASS">
          <params>
            <param index="0">
              <value>
                <![CDATA[[TestResult name=verifynewuserisadded status=SUCCESS method=AdminuserTest.verifynewuserisadded(java.lang.String,java.lang.String)[pri:0, instance:testscript.AdminuserTest@2e570ded] output={null}]]]>
              </value>
            </param>
          </params>
          <reporter-output>
          </reporter-output>
        </test-method> <!-- afterMethod -->
      </class> <!-- testscript.AdminuserTest -->
    </test> <!-- edgetest -->
  </suite> <!-- Multibrowser -->
</testng-results>
