<?xml version="1.0" encoding="UTF-8"?>
<!-- Generated by org.testng.reporters.JUnitXMLReporter -->
<testsuite ignored="0" hostname="DESKTOP-EPM98TU" failures="0" tests="4" name="chrometest" time="34.021" errors="0" timestamp="2025-02-10T14:41:51 IST">
  <testcase classname="testscript.ManageNewsTest" name="verifynewsisadded" time="7.628"/>
  <testcase classname="testscript.AdminuserTest" name="verifyadminuserissearchable" time="8.587"/>
  <testcase classname="testscript.ManageNewsTest" name="verifynewsissearchable" time="3.966"/>
  <testcase classname="testscript.AdminuserTest" name="verifynewuserisadded" time="4.571"/>
</testsuite> <!-- chrometest -->
